intermediates/manifest_merge_blame_file/debug/manifest-merger-blame-debug-report.txt
1<?xml version="1.0" encoding="utf-8"?>
2<manifest xmlns:android="http://schemas.android.com/apk/res/android"
3    package="com.example.qr_go"
4    android:versionCode="1"
5    android:versionName="1.0" >
6
7    <uses-sdk
8        android:minSdkVersion="26"
8-->src/main/AndroidManifest.xml
9        android:targetSdkVersion="31" />
9-->src/main/AndroidManifest.xml
10
11    <uses-permission android:name="android.permission.ACCESS_COARSE_LOCATION" />
11-->src/main/AndroidManifest.xml:6:5-81
11-->src/main/AndroidManifest.xml:6:22-78
12    <uses-permission android:name="android.permission.ACCESS_FINE_LOCATION" />
12-->src/main/AndroidManifest.xml:7:5-79
12-->src/main/AndroidManifest.xml:7:22-76
13    <uses-permission android:name="android.permission.CAMERA" />
13-->src/main/AndroidManifest.xml:8:5-64
13-->src/main/AndroidManifest.xml:8:22-62
14
15    <uses-feature
15-->src/main/AndroidManifest.xml:9:5-11:34
16        android:name="android.hardware.camera"
16-->src/main/AndroidManifest.xml:10:9-47
17        android:required="true" />
17-->src/main/AndroidManifest.xml:11:9-32
18
19    <!-- Include required permissions for Google Maps API to run. -->
20    <uses-permission android:name="android.permission.ACCESS_NETWORK_STATE" />
20-->[com.google.android.gms:play-services-maps:17.0.1] AndroidManifest.xml:23:5-79
20-->[com.google.android.gms:play-services-maps:17.0.1] AndroidManifest.xml:23:22-76
21    <uses-permission android:name="android.permission.INTERNET" />
21-->[com.google.android.gms:play-services-maps:17.0.1] AndroidManifest.xml:24:5-67
21-->[com.google.android.gms:play-services-maps:17.0.1] AndroidManifest.xml:24:22-64
22
23    <uses-feature
23-->[com.google.android.gms:play-services-maps:17.0.1] AndroidManifest.xml:26:5-28:35
24        android:glEsVersion="0x00020000"
24-->[com.google.android.gms:play-services-maps:17.0.1] AndroidManifest.xml:27:9-41
25        android:required="true" />
25-->[com.google.android.gms:play-services-maps:17.0.1] AndroidManifest.xml:28:9-32
26
27    <queries>
27-->[com.google.android.gms:play-services-maps:17.0.1] AndroidManifest.xml:30:5-34:15
28
29        <!-- Needs to be explicitly declared on Android R+ -->
30        <package android:name="com.google.android.apps.maps" />
30-->[com.google.android.gms:play-services-maps:17.0.1] AndroidManifest.xml:33:9-64
30-->[com.google.android.gms:play-services-maps:17.0.1] AndroidManifest.xml:33:18-61
31    </queries>
32
33    <application
33-->src/main/AndroidManifest.xml:13:5-71:19
34        android:allowBackup="true"
34-->src/main/AndroidManifest.xml:14:9-35
35        android:appComponentFactory="androidx.core.app.CoreComponentFactory"
35-->[androidx.core:core:1.7.0] AndroidManifest.xml:24:18-86
36        android:debuggable="true"
37        android:extractNativeLibs="false"
38        android:icon="@mipmap/ic_launcher"
38-->src/main/AndroidManifest.xml:15:9-43
39        android:label="@string/app_name"
39-->src/main/AndroidManifest.xml:16:9-41
40        android:roundIcon="@mipmap/ic_launcher_round"
40-->src/main/AndroidManifest.xml:17:9-54
41        android:supportsRtl="true"
41-->src/main/AndroidManifest.xml:18:9-35
42        android:theme="@style/Theme.QRGo" >
42-->src/main/AndroidManifest.xml:19:9-42
43        <activity
43-->src/main/AndroidManifest.xml:20:9-23:67
44            android:name="com.example.qr_go.NewGameQRActivity"
44-->src/main/AndroidManifest.xml:21:13-46
45            android:exported="false"
45-->src/main/AndroidManifest.xml:22:13-37
46            android:parentActivityName="com.example.qr_go.QRCodeScannerActivity" />
46-->src/main/AndroidManifest.xml:23:13-64
47        <activity
47-->src/main/AndroidManifest.xml:24:9-29:20
48            android:name="com.example.qr_go.SearchActivity"
48-->src/main/AndroidManifest.xml:25:13-43
49            android:exported="false"
49-->src/main/AndroidManifest.xml:26:13-37
50            android:windowSoftInputMode="adjustPan" >
50-->src/main/AndroidManifest.xml:27:13-52
51        </activity>
52        <activity
52-->src/main/AndroidManifest.xml:30:9-33:64
53            android:name="com.example.qr_go.PlayerInfoActivity"
53-->src/main/AndroidManifest.xml:31:13-47
54            android:exported="false"
54-->src/main/AndroidManifest.xml:32:13-37
55            android:parentActivityName="com.example.qr_go.UserSearchFragment" />
55-->src/main/AndroidManifest.xml:33:13-61
56        <activity
56-->src/main/AndroidManifest.xml:34:9-37:58
57            android:name="com.example.qr_go.QRCodeScannerActivity"
57-->src/main/AndroidManifest.xml:35:13-50
58            android:exported="false"
58-->src/main/AndroidManifest.xml:36:13-37
59            android:parentActivityName="com.example.qr_go.MapsActivity" />
59-->src/main/AndroidManifest.xml:37:13-55
60        <activity
60-->src/main/AndroidManifest.xml:38:9-41:58
61            android:name="com.example.qr_go.MyQRCodesActivity"
61-->src/main/AndroidManifest.xml:39:13-46
62            android:exported="false"
62-->src/main/AndroidManifest.xml:40:13-37
63            android:parentActivityName="com.example.qr_go.MapsActivity" />
63-->src/main/AndroidManifest.xml:41:13-55
64        <activity
64-->src/main/AndroidManifest.xml:42:9-45:58
65            android:name="com.example.qr_go.PlayerProfileActivity"
65-->src/main/AndroidManifest.xml:43:13-50
66            android:exported="false"
66-->src/main/AndroidManifest.xml:44:13-37
67            android:parentActivityName="com.example.qr_go.MapsActivity" />
67-->src/main/AndroidManifest.xml:45:13-55
68        <activity
68-->src/main/AndroidManifest.xml:46:9-51:46
69            android:name="com.example.qr_go.QRInfoActivity"
69-->src/main/AndroidManifest.xml:47:13-43
70            android:exported="false"
70-->src/main/AndroidManifest.xml:48:13-37
71            android:launchMode="singleTop"
71-->src/main/AndroidManifest.xml:51:13-43
72            android:parentActivityName="com.example.qr_go.MapsActivity"
72-->src/main/AndroidManifest.xml:49:13-55
73            android:windowSoftInputMode="adjustPan" />
73-->src/main/AndroidManifest.xml:50:13-52
74        <activity
74-->src/main/AndroidManifest.xml:52:9-55:60
75            android:name="com.example.qr_go.ScannedUsersActivity"
75-->src/main/AndroidManifest.xml:53:13-49
76            android:exported="false"
76-->src/main/AndroidManifest.xml:54:13-37
77            android:parentActivityName="com.example.qr_go.QRInfoActivity" />
77-->src/main/AndroidManifest.xml:55:13-57
78
79        <meta-data
80            android:name="com.google.android.geo.API_KEY"
80-->src/main/AndroidManifest.xml:58:13-58
81            android:value="AIzaSyBwdjiGdUudmbI1R4sFmg3Dnzpu8XvrJ9w" />
81-->src/main/AndroidManifest.xml:59:13-44
82
83        <activity
83-->src/main/AndroidManifest.xml:61:9-70:20
84            android:name="com.example.qr_go.MapsActivity"
84-->src/main/AndroidManifest.xml:62:13-41
85            android:exported="true"
85-->src/main/AndroidManifest.xml:63:13-36
86            android:label="@string/title_activity_maps" >
86-->src/main/AndroidManifest.xml:64:13-56
87            <intent-filter>
87-->src/main/AndroidManifest.xml:65:13-69:29
88                <action android:name="android.intent.action.MAIN" />
88-->src/main/AndroidManifest.xml:66:17-69
88-->src/main/AndroidManifest.xml:66:25-66
89
90                <category android:name="android.intent.category.LAUNCHER" />
90-->src/main/AndroidManifest.xml:68:17-77
90-->src/main/AndroidManifest.xml:68:27-74
91            </intent-filter>
92        </activity>
93        <!-- Needs to be explicitly declared on P+ -->
94        <uses-library
94-->[com.google.android.gms:play-services-maps:17.0.1] AndroidManifest.xml:39:9-41:40
95            android:name="org.apache.http.legacy"
95-->[com.google.android.gms:play-services-maps:17.0.1] AndroidManifest.xml:40:13-50
96            android:required="false" />
96-->[com.google.android.gms:play-services-maps:17.0.1] AndroidManifest.xml:41:13-37
97
98        <service
98-->[com.google.firebase:firebase-firestore:24.0.1] AndroidManifest.xml:17:9-23:19
99            android:name="com.google.firebase.components.ComponentDiscoveryService"
99-->[com.google.firebase:firebase-firestore:24.0.1] AndroidManifest.xml:18:13-84
100            android:directBootAware="true"
100-->[com.google.firebase:firebase-common:20.0.0] AndroidManifest.xml:35:13-43
101            android:exported="false" >
101-->[com.google.firebase:firebase-firestore:24.0.1] AndroidManifest.xml:19:13-37
102            <meta-data
102-->[com.google.firebase:firebase-firestore:24.0.1] AndroidManifest.xml:20:13-22:85
103                android:name="com.google.firebase.components:com.google.firebase.firestore.FirestoreRegistrar"
103-->[com.google.firebase:firebase-firestore:24.0.1] AndroidManifest.xml:21:17-111
104                android:value="com.google.firebase.components.ComponentRegistrar" />
104-->[com.google.firebase:firebase-firestore:24.0.1] AndroidManifest.xml:22:17-82
105        </service>
106
107        <provider
107-->[com.google.firebase:firebase-common:20.0.0] AndroidManifest.xml:26:9-31:39
108            android:name="com.google.firebase.provider.FirebaseInitProvider"
108-->[com.google.firebase:firebase-common:20.0.0] AndroidManifest.xml:27:13-77
109            android:authorities="com.example.qr_go.firebaseinitprovider"
109-->[com.google.firebase:firebase-common:20.0.0] AndroidManifest.xml:28:13-72
110            android:directBootAware="true"
110-->[com.google.firebase:firebase-common:20.0.0] AndroidManifest.xml:29:13-43
111            android:exported="false"
111-->[com.google.firebase:firebase-common:20.0.0] AndroidManifest.xml:30:13-37
112            android:initOrder="100" />
112-->[com.google.firebase:firebase-common:20.0.0] AndroidManifest.xml:31:13-36
113
114        <activity
114-->[com.google.android.gms:play-services-base:17.1.0] AndroidManifest.xml:23:9-26:75
115            android:name="com.google.android.gms.common.api.GoogleApiActivity"
115-->[com.google.android.gms:play-services-base:17.1.0] AndroidManifest.xml:24:13-79
116            android:exported="false"
116-->[com.google.android.gms:play-services-base:17.1.0] AndroidManifest.xml:25:13-37
117            android:theme="@android:style/Theme.Translucent.NoTitleBar" />
117-->[com.google.android.gms:play-services-base:17.1.0] AndroidManifest.xml:26:13-72
118
119        <meta-data
119-->[com.google.android.gms:play-services-basement:17.0.0] AndroidManifest.xml:23:9-25:69
120            android:name="com.google.android.gms.version"
120-->[com.google.android.gms:play-services-basement:17.0.0] AndroidManifest.xml:24:13-58
121            android:value="@integer/google_play_services_version" />
121-->[com.google.android.gms:play-services-basement:17.0.0] AndroidManifest.xml:25:13-66
122
123        <provider
123-->[androidx.emoji2:emoji2:1.0.0] AndroidManifest.xml:26:9-34:20
124            android:name="androidx.startup.InitializationProvider"
124-->[androidx.emoji2:emoji2:1.0.0] AndroidManifest.xml:27:13-67
125            android:authorities="com.example.qr_go.androidx-startup"
125-->[androidx.emoji2:emoji2:1.0.0] AndroidManifest.xml:28:13-68
126            android:exported="false" >
126-->[androidx.emoji2:emoji2:1.0.0] AndroidManifest.xml:29:13-37
127            <meta-data
127-->[androidx.emoji2:emoji2:1.0.0] AndroidManifest.xml:31:13-33:52
128                android:name="androidx.emoji2.text.EmojiCompatInitializer"
128-->[androidx.emoji2:emoji2:1.0.0] AndroidManifest.xml:32:17-75
129                android:value="androidx.startup" />
129-->[androidx.emoji2:emoji2:1.0.0] AndroidManifest.xml:33:17-49
130            <meta-data
130-->[androidx.lifecycle:lifecycle-process:2.4.0] AndroidManifest.xml:31:13-33:52
131                android:name="androidx.lifecycle.ProcessLifecycleInitializer"
131-->[androidx.lifecycle:lifecycle-process:2.4.0] AndroidManifest.xml:32:17-78
132                android:value="androidx.startup" />
132-->[androidx.lifecycle:lifecycle-process:2.4.0] AndroidManifest.xml:33:17-49
133        </provider>
134
135        <uses-library
135-->[androidx.window:window:1.0.0] AndroidManifest.xml:25:9-27:40
136            android:name="androidx.window.extensions"
136-->[androidx.window:window:1.0.0] AndroidManifest.xml:26:13-54
137            android:required="false" />
137-->[androidx.window:window:1.0.0] AndroidManifest.xml:27:13-37
138        <uses-library
138-->[androidx.window:window:1.0.0] AndroidManifest.xml:28:9-30:40
139            android:name="androidx.window.sidecar"
139-->[androidx.window:window:1.0.0] AndroidManifest.xml:29:13-51
140            android:required="false" />
140-->[androidx.window:window:1.0.0] AndroidManifest.xml:30:13-37
141    </application>
142
143</manifest>